<?xml version="1.0" encoding="UTF-8"?>
<!-- Generated by org.testng.reporters.JUnitXMLReporter -->
<testsuite ignored="2" hostname="DEEPTI" failures="0" tests="4" name="Test1" time="15.163" errors="0" timestamp="2022-03-13T00:04:46 IST">
  <testcase classname="com.studennrol.testscripts.HomePageTest" name="verifyHomePage" time="2.044"/>
  <testcase classname="com.studennrol.testscripts.HomePageTest" name="verifyCoursePage" time="1.123"/>
  <testcase classname="com.studennrol.testscripts.HomePageTest" name="verifyLoginPage" time="1.091"/>
  <testcase classname="com.studennrol.testscripts.CoursePageTest" name="verifyCourseSelect" time="6.369"/>
  <testcase classname="com.studenrol.testbase.TestBase" name="@AfterTest quitBrowser" time="0.0">
    <ignored/>
  </testcase> <!-- @AfterTest quitBrowser -->
  <testcase classname="com.studenrol.testbase.TestBase" name="@BeforeTest browserSetup" time="0.0">
    <ignored/>
  </testcase> <!-- @BeforeTest browserSetup -->
</testsuite> <!-- Test1 -->
